<?xml version="1.0" encoding="UTF-8"?>
<!-- Generated by org.testng.reporters.JUnitXMLReporter -->
<testsuite hostname="Poojitha-Pothuganti.local" ignored="0" name="Default test" tests="6" failures="0" timestamp="2020-03-24T16:14:48 EDT" time="17.066" errors="0">
  <testcase name="driverSetup" time="4.886" classname="SeleniumExc.AutomateEndToEndTest"/>
  <testcase name="verifyAllOptions" time="0.125" classname="SeleniumExc.AutomateEndToEndTest"/>
  <testcase name="addTaskAndGeneralTab" time="1.605" classname="SeleniumExc.AutomateEndToEndTest"/>
  <testcase name="timeTabData" time="3.843" classname="SeleniumExc.AutomateEndToEndTest"/>
  <testcase name="logInAgainAndClickTasks" time="1.986" classname="SeleniumExc.AutomateEndToEndTest"/>
  <testcase name="searchInput" time="3.438" classname="SeleniumExc.AutomateEndToEndTest"/>
</testsuite> <!-- Default test -->
