<?xml version="1.0" encoding="UTF-8"?>
<testng-results skipped="0" failed="0" ignored="0" total="1" passed="1">
  <reporter-output>
  </reporter-output>
  <suite name="Default suite" duration-ms="9196" started-at="2020-03-22T18:30:12 EDT" finished-at="2020-03-22T18:30:21 EDT">
    <groups>
    </groups>
    <test name="Default test" duration-ms="9196" started-at="2020-03-22T18:30:12 EDT" finished-at="2020-03-22T18:30:21 EDT">
      <class name="SeleniumExc.DynamicTable">
        <test-method status="PASS" signature="dynTableTesting()[pri:0, instance:SeleniumExc.DynamicTable@1c3a4799]" name="dynTableTesting" duration-ms="6034" started-at="2020-03-22T18:30:12 EDT" finished-at="2020-03-22T18:30:18 EDT">
          <reporter-output>
          </reporter-output>
        </test-method> <!-- dynTableTesting -->
        <test-method status="PASS" signature="quitDriver()[pri:0, instance:SeleniumExc.DynamicTable@1c3a4799]" name="quitDriver" is-config="true" duration-ms="3134" started-at="2020-03-22T18:30:18 EDT" finished-at="2020-03-22T18:30:21 EDT">
          <reporter-output>
          </reporter-output>
        </test-method> <!-- quitDriver -->
      </class> <!-- SeleniumExc.DynamicTable -->
    </test> <!-- Default test -->
  </suite> <!-- Default suite -->
</testng-results>
