<?xml version="1.0" encoding="UTF-8"?>
<testng-results skipped="0" failed="0" ignored="0" total="1" passed="1">
  <reporter-output>
  </reporter-output>
  <suite name="Default suite" duration-ms="4793" started-at="2020-03-22T18:02:54 EDT" finished-at="2020-03-22T18:02:59 EDT">
    <groups>
    </groups>
    <test name="Default test" duration-ms="4793" started-at="2020-03-22T18:02:54 EDT" finished-at="2020-03-22T18:02:59 EDT">
      <class name="SeleniumExc.DynamicTable">
        <test-method status="PASS" signature="dynTableTesting()[pri:0, instance:SeleniumExc.DynamicTable@7d0587f1]" name="dynTableTesting" duration-ms="4767" started-at="2020-03-22T18:02:54 EDT" finished-at="2020-03-22T18:02:59 EDT">
          <reporter-output>
          </reporter-output>
        </test-method> <!-- dynTableTesting -->
      </class> <!-- SeleniumExc.DynamicTable -->
    </test> <!-- Default test -->
  </suite> <!-- Default suite -->
</testng-results>
